ERROR - 2023-02-21 18:31:26 --> ErrorException: SQLite3::query(): Unable to prepare statement: 1, no such table: db_news in /media/mikea/86022EF5022EE9BF/web/repos/CodeIgniter/system/Database/SQLite3/Connection.php:146
Stack trace:
#0 [internal function]: CodeIgniter\Debug\Exceptions->errorHandler()
#1 /media/mikea/86022EF5022EE9BF/web/repos/CodeIgniter/system/Database/SQLite3/Connection.php(146): SQLite3->query()
#2 /media/mikea/86022EF5022EE9BF/web/repos/CodeIgniter/system/Database/BaseConnection.php(691): CodeIgniter\Database\SQLite3\Connection->execute()
#3 /media/mikea/86022EF5022EE9BF/web/repos/CodeIgniter/system/Database/BaseConnection.php(605): CodeIgniter\Database\BaseConnection->simpleQuery()
#4 /media/mikea/86022EF5022EE9BF/web/repos/CodeIgniter/system/Database/BaseBuilder.php(1616): CodeIgniter\Database\BaseConnection->query()
#5 /media/mikea/86022EF5022EE9BF/web/repos/CodeIgniter/system/Model.php(241): CodeIgniter\Database\BaseBuilder->get()
#6 /media/mikea/86022EF5022EE9BF/web/repos/CodeIgniter/system/BaseModel.php(618): CodeIgniter\Model->doFindAll()
#7 /media/mikea/86022EF5022EE9BF/web/repos/CodeIgniter/app/Models/NewsModel.php(14): CodeIgniter\BaseModel->findAll()
#8 /media/mikea/86022EF5022EE9BF/web/repos/CodeIgniter/app/Controllers/News.php(13): App\Models\NewsModel->getNews()
#9 /media/mikea/86022EF5022EE9BF/web/repos/CodeIgniter/system/CodeIgniter.php(934): App\Controllers\News->index()
#10 /media/mikea/86022EF5022EE9BF/web/repos/CodeIgniter/system/CodeIgniter.php(499): CodeIgniter\CodeIgniter->runController()
#11 /media/mikea/86022EF5022EE9BF/web/repos/CodeIgniter/system/CodeIgniter.php(368): CodeIgniter\CodeIgniter->handleRequest()
#12 /media/mikea/86022EF5022EE9BF/web/repos/CodeIgniter/public/index.php(67): CodeIgniter\CodeIgniter->run()
#13 /media/mikea/86022EF5022EE9BF/web/repos/CodeIgniter/system/Commands/Server/rewrite.php(47): require_once('...')
#14 {main}
CRITICAL - 2023-02-21 18:31:26 --> SQLite3::query(): Unable to prepare statement: 1, no such table: db_news
in SYSTEMPATH/Database/BaseConnection.php on line 645.
 1 SYSTEMPATH/Database/BaseBuilder.php(1616): CodeIgniter\Database\BaseConnection->query()
 2 SYSTEMPATH/Model.php(241): CodeIgniter\Database\BaseBuilder->get()
 3 SYSTEMPATH/BaseModel.php(618): CodeIgniter\Model->doFindAll()
 4 APPPATH/Models/NewsModel.php(14): CodeIgniter\BaseModel->findAll()
 5 APPPATH/Controllers/News.php(13): App\Models\NewsModel->getNews()
 6 SYSTEMPATH/CodeIgniter.php(934): App\Controllers\News->index()
 7 SYSTEMPATH/CodeIgniter.php(499): CodeIgniter\CodeIgniter->runController()
 8 SYSTEMPATH/CodeIgniter.php(368): CodeIgniter\CodeIgniter->handleRequest()
 9 FCPATH/index.php(67): CodeIgniter\CodeIgniter->run()
10 SYSTEMPATH/Commands/Server/rewrite.php(47): require_once('FCPATH/index.php')
CRITICAL - 2023-02-21 18:49:53 --> You have not selected a database type to connect to.
in SYSTEMPATH/Database/Database.php on line 53.
 1 SYSTEMPATH/Database/Config.php(82): CodeIgniter\Database\Database->load()
 2 SYSTEMPATH/Model.php(155): CodeIgniter\Database\Config::connect()
 3 SYSTEMPATH/Config/Factories.php(129): CodeIgniter\Model->__construct()
 4 SYSTEMPATH/Config/Factories.php(86): CodeIgniter\Config\Factories::__callStatic()
 5 SYSTEMPATH/Common.php(829): CodeIgniter\Config\Factories::models()
 6 APPPATH/Controllers/News.php(11): model()
 7 SYSTEMPATH/CodeIgniter.php(934): App\Controllers\News->index()
 8 SYSTEMPATH/CodeIgniter.php(499): CodeIgniter\CodeIgniter->runController()
 9 SYSTEMPATH/CodeIgniter.php(368): CodeIgniter\CodeIgniter->handleRequest()
10 FCPATH/index.php(67): CodeIgniter\CodeIgniter->run()
11 SYSTEMPATH/Commands/Server/rewrite.php(47): require_once('FCPATH/index.php')
CRITICAL - 2023-02-21 18:52:54 --> You have not selected a database type to connect to.
in SYSTEMPATH/Database/Database.php on line 53.
 1 SYSTEMPATH/Database/Config.php(82): CodeIgniter\Database\Database->load()
 2 SYSTEMPATH/Model.php(155): CodeIgniter\Database\Config::connect()
 3 SYSTEMPATH/Config/Factories.php(129): CodeIgniter\Model->__construct()
 4 SYSTEMPATH/Config/Factories.php(86): CodeIgniter\Config\Factories::__callStatic()
 5 SYSTEMPATH/Common.php(829): CodeIgniter\Config\Factories::models()
 6 APPPATH/Controllers/News.php(11): model()
 7 SYSTEMPATH/CodeIgniter.php(934): App\Controllers\News->index()
 8 SYSTEMPATH/CodeIgniter.php(499): CodeIgniter\CodeIgniter->runController()
 9 SYSTEMPATH/CodeIgniter.php(368): CodeIgniter\CodeIgniter->handleRequest()
10 FCPATH/index.php(67): CodeIgniter\CodeIgniter->run()
11 SYSTEMPATH/Commands/Server/rewrite.php(47): require_once('FCPATH/index.php')
CRITICAL - 2023-02-21 19:00:29 --> You have not selected a database type to connect to.
in SYSTEMPATH/Database/Database.php on line 53.
 1 SYSTEMPATH/Database/Config.php(82): CodeIgniter\Database\Database->load()
 2 SYSTEMPATH/Model.php(155): CodeIgniter\Database\Config::connect()
 3 SYSTEMPATH/Config/Factories.php(129): CodeIgniter\Model->__construct()
 4 SYSTEMPATH/Config/Factories.php(86): CodeIgniter\Config\Factories::__callStatic()
 5 SYSTEMPATH/Common.php(829): CodeIgniter\Config\Factories::models()
 6 APPPATH/Controllers/News.php(11): model()
 7 SYSTEMPATH/CodeIgniter.php(934): App\Controllers\News->index()
 8 SYSTEMPATH/CodeIgniter.php(499): CodeIgniter\CodeIgniter->runController()
 9 SYSTEMPATH/CodeIgniter.php(368): CodeIgniter\CodeIgniter->handleRequest()
10 FCPATH/index.php(67): CodeIgniter\CodeIgniter->run()
11 SYSTEMPATH/Commands/Server/rewrite.php(47): require_once('FCPATH/index.php')
CRITICAL - 2023-02-21 19:01:08 --> You have not selected a database type to connect to.
in SYSTEMPATH/Database/Database.php on line 53.
 1 SYSTEMPATH/Database/Config.php(82): CodeIgniter\Database\Database->load()
 2 SYSTEMPATH/Model.php(155): CodeIgniter\Database\Config::connect()
 3 SYSTEMPATH/Config/Factories.php(129): CodeIgniter\Model->__construct()
 4 SYSTEMPATH/Config/Factories.php(86): CodeIgniter\Config\Factories::__callStatic()
 5 SYSTEMPATH/Common.php(829): CodeIgniter\Config\Factories::models()
 6 APPPATH/Controllers/News.php(11): model()
 7 SYSTEMPATH/CodeIgniter.php(934): App\Controllers\News->index()
 8 SYSTEMPATH/CodeIgniter.php(499): CodeIgniter\CodeIgniter->runController()
 9 SYSTEMPATH/CodeIgniter.php(368): CodeIgniter\CodeIgniter->handleRequest()
10 FCPATH/index.php(67): CodeIgniter\CodeIgniter->run()
11 SYSTEMPATH/Commands/Server/rewrite.php(47): require_once('FCPATH/index.php')
CRITICAL - 2023-02-21 19:07:36 --> Class "CodeIgniter\Database\pdo-sqlite\Connection" not found
in SYSTEMPATH/Database/Database.php on line 139.
 1 SYSTEMPATH/Database/Database.php(56): CodeIgniter\Database\Database->initDriver()
 2 SYSTEMPATH/Database/Config.php(82): CodeIgniter\Database\Database->load()
 3 SYSTEMPATH/Model.php(155): CodeIgniter\Database\Config::connect()
 4 SYSTEMPATH/Config/Factories.php(129): CodeIgniter\Model->__construct()
 5 SYSTEMPATH/Config/Factories.php(86): CodeIgniter\Config\Factories::__callStatic()
 6 SYSTEMPATH/Common.php(829): CodeIgniter\Config\Factories::models()
 7 APPPATH/Controllers/News.php(11): model()
 8 SYSTEMPATH/CodeIgniter.php(934): App\Controllers\News->index()
 9 SYSTEMPATH/CodeIgniter.php(499): CodeIgniter\CodeIgniter->runController()
10 SYSTEMPATH/CodeIgniter.php(368): CodeIgniter\CodeIgniter->handleRequest()
11 FCPATH/index.php(67): CodeIgniter\CodeIgniter->run()
12 SYSTEMPATH/Commands/Server/rewrite.php(47): require_once('FCPATH/index.php')
CRITICAL - 2023-02-21 19:42:59 --> Undefined variable $query
in APPPATH/Controllers/News.php on line 34.
 1 APPPATH/Controllers/News.php(34): CodeIgniter\Debug\Exceptions->errorHandler()
 2 SYSTEMPATH/Autoloader/Autoloader.php(312): include_once('APPPATH/Controllers/News.php')
 3 SYSTEMPATH/Autoloader/Autoloader.php(289): CodeIgniter\Autoloader\Autoloader->includeFile()
 4 SYSTEMPATH/Autoloader/Autoloader.php(267): CodeIgniter\Autoloader\Autoloader->loadInNamespace()
 5 [internal function]: CodeIgniter\Autoloader\Autoloader->loadClass()
 6 SYSTEMPATH/CodeIgniter.php(892): class_exists()
 7 SYSTEMPATH/CodeIgniter.php(486): CodeIgniter\CodeIgniter->startController()
 8 SYSTEMPATH/CodeIgniter.php(368): CodeIgniter\CodeIgniter->handleRequest()
 9 FCPATH/index.php(67): CodeIgniter\CodeIgniter->run()
10 SYSTEMPATH/Commands/Server/rewrite.php(47): require_once('FCPATH/index.php')
CRITICAL - 2023-02-21 19:45:34 --> Undefined property: CodeIgniter\Autoloader\Autoloader::$db
in APPPATH/Controllers/News.php on line 33.
 1 APPPATH/Controllers/News.php(33): CodeIgniter\Debug\Exceptions->errorHandler()
 2 SYSTEMPATH/Autoloader/Autoloader.php(312): include_once('APPPATH/Controllers/News.php')
 3 SYSTEMPATH/Autoloader/Autoloader.php(289): CodeIgniter\Autoloader\Autoloader->includeFile()
 4 SYSTEMPATH/Autoloader/Autoloader.php(267): CodeIgniter\Autoloader\Autoloader->loadInNamespace()
 5 [internal function]: CodeIgniter\Autoloader\Autoloader->loadClass()
 6 SYSTEMPATH/CodeIgniter.php(892): class_exists()
 7 SYSTEMPATH/CodeIgniter.php(486): CodeIgniter\CodeIgniter->startController()
 8 SYSTEMPATH/CodeIgniter.php(368): CodeIgniter\CodeIgniter->handleRequest()
 9 FCPATH/index.php(67): CodeIgniter\CodeIgniter->run()
10 SYSTEMPATH/Commands/Server/rewrite.php(47): require_once('FCPATH/index.php')
CRITICAL - 2023-02-21 19:46:36 --> Call to undefined method CodeIgniter\Autoloader\Autoloader::get()
in APPPATH/Controllers/News.php on line 33.
 1 SYSTEMPATH/Autoloader/Autoloader.php(312): include_once()
 2 SYSTEMPATH/Autoloader/Autoloader.php(289): CodeIgniter\Autoloader\Autoloader->includeFile()
 3 SYSTEMPATH/Autoloader/Autoloader.php(267): CodeIgniter\Autoloader\Autoloader->loadInNamespace()
 4 [internal function]: CodeIgniter\Autoloader\Autoloader->loadClass()
 5 SYSTEMPATH/CodeIgniter.php(892): class_exists()
 6 SYSTEMPATH/CodeIgniter.php(486): CodeIgniter\CodeIgniter->startController()
 7 SYSTEMPATH/CodeIgniter.php(368): CodeIgniter\CodeIgniter->handleRequest()
 8 FCPATH/index.php(67): CodeIgniter\CodeIgniter->run()
 9 SYSTEMPATH/Commands/Server/rewrite.php(47): require_once('FCPATH/index.php')
CRITICAL - 2023-02-21 19:52:59 --> Call to undefined method CodeIgniter\Autoloader\Autoloader::get()
in APPPATH/Controllers/News.php on line 33.
 1 SYSTEMPATH/Autoloader/Autoloader.php(312): include_once()
 2 SYSTEMPATH/Autoloader/Autoloader.php(289): CodeIgniter\Autoloader\Autoloader->includeFile()
 3 SYSTEMPATH/Autoloader/Autoloader.php(267): CodeIgniter\Autoloader\Autoloader->loadInNamespace()
 4 [internal function]: CodeIgniter\Autoloader\Autoloader->loadClass()
 5 SYSTEMPATH/CodeIgniter.php(892): class_exists()
 6 SYSTEMPATH/CodeIgniter.php(486): CodeIgniter\CodeIgniter->startController()
 7 SYSTEMPATH/CodeIgniter.php(368): CodeIgniter\CodeIgniter->handleRequest()
 8 FCPATH/index.php(67): CodeIgniter\CodeIgniter->run()
 9 SYSTEMPATH/Commands/Server/rewrite.php(47): require_once('FCPATH/index.php')
CRITICAL - 2023-02-21 20:53:54 --> Invalid file: "home.php"
in SYSTEMPATH/Exceptions/FrameworkException.php on line 33.
 1 SYSTEMPATH/View/View.php(201): CodeIgniter\Exceptions\FrameworkException::forInvalidFile()
 2 SYSTEMPATH/Common.php(1184): CodeIgniter\View\View->render()
 3 APPPATH/Controllers/Home.php(9): view()
 4 SYSTEMPATH/CodeIgniter.php(934): App\Controllers\Home->index()
 5 SYSTEMPATH/CodeIgniter.php(499): CodeIgniter\CodeIgniter->runController()
 6 SYSTEMPATH/CodeIgniter.php(368): CodeIgniter\CodeIgniter->handleRequest()
 7 FCPATH/index.php(67): CodeIgniter\CodeIgniter->run()
 8 SYSTEMPATH/Commands/Server/rewrite.php(47): require_once('FCPATH/index.php')
CRITICAL - 2023-02-21 20:54:31 --> Invalid file: "Home.php"
in SYSTEMPATH/Exceptions/FrameworkException.php on line 33.
 1 SYSTEMPATH/View/View.php(201): CodeIgniter\Exceptions\FrameworkException::forInvalidFile()
 2 SYSTEMPATH/Common.php(1184): CodeIgniter\View\View->render()
 3 APPPATH/Controllers/Home.php(9): view()
 4 SYSTEMPATH/CodeIgniter.php(934): App\Controllers\Home->index()
 5 SYSTEMPATH/CodeIgniter.php(499): CodeIgniter\CodeIgniter->runController()
 6 SYSTEMPATH/CodeIgniter.php(368): CodeIgniter\CodeIgniter->handleRequest()
 7 FCPATH/index.php(67): CodeIgniter\CodeIgniter->run()
 8 SYSTEMPATH/Commands/Server/rewrite.php(47): require_once('FCPATH/index.php')
CRITICAL - 2023-02-21 20:55:52 --> Invalid file: "home.php"
in SYSTEMPATH/Exceptions/FrameworkException.php on line 33.
 1 SYSTEMPATH/View/View.php(201): CodeIgniter\Exceptions\FrameworkException::forInvalidFile()
 2 SYSTEMPATH/Common.php(1184): CodeIgniter\View\View->render()
 3 APPPATH/Controllers/Home.php(9): view()
 4 SYSTEMPATH/CodeIgniter.php(934): App\Controllers\Home->index()
 5 SYSTEMPATH/CodeIgniter.php(499): CodeIgniter\CodeIgniter->runController()
 6 SYSTEMPATH/CodeIgniter.php(368): CodeIgniter\CodeIgniter->handleRequest()
 7 FCPATH/index.php(67): CodeIgniter\CodeIgniter->run()
 8 SYSTEMPATH/Commands/Server/rewrite.php(47): require_once('FCPATH/index.php')
