CRITICAL - 2023-02-20 18:27:46 --> The framework needs the following extension(s) installed and loaded: intl, mbstring.
in SYSTEMPATH/CodeIgniter.php on line 226.
 1 SYSTEMPATH/CodeIgniter.php(226): CodeIgniter\Exceptions\FrameworkException::forMissingExtension()
 2 SYSTEMPATH/CodeIgniter.php(190): CodeIgniter\CodeIgniter->resolvePlatformExtensions()
 3 ROOTPATH/spark(83): CodeIgniter\CodeIgniter->initialize()
CRITICAL - 2023-02-20 18:27:46 --> Uncaught Error: Call to undefined function CodeIgniter\CLI\mb_strpos() in /media/mikea/86022EF5022EE9BF/web/repos/CodeIgnitor/system/CLI/CLI.php:872
Stack trace:
#0 /media/mikea/86022EF5022EE9BF/web/repos/CodeIgnitor/system/CLI/CLI.php(161): CodeIgniter\CLI\CLI::parseCommandLine()
#1 /media/mikea/86022EF5022EE9BF/web/repos/CodeIgnitor/system/CLI/CLI.php(1115): CodeIgniter\CLI\CLI::init()
#2 /media/mikea/86022EF5022EE9BF/web/repos/CodeIgnitor/system/Autoloader/Autoloader.php(312): include_once('...')
#3 /media/mikea/86022EF5022EE9BF/web/repos/CodeIgnitor/system/Autoloader/Autoloader.php(289): CodeIgniter\Autoloader\Autoloader->includeFile()
#4 /media/mikea/86022EF5022EE9BF/web/repos/CodeIgnitor/system/Autoloader/Autoloader.php(267): CodeIgniter\Autoloader\Autoloader->loadInNamespace()
#5 /media/mikea/86022EF5022EE9BF/web/repos/CodeIgnitor/app/Views/errors/cli/error_exception.php(6): CodeIgniter\Autoloader\Autoloader->loadClass()
#6 /media/mikea/86022EF5022EE9BF/web/repos/CodeIgnitor/app/Views/errors/cli/production.php(5): include('...')
#7 /media/mikea/86022EF5022EE9BF/web/repos/CodeIgnitor/system/Debug/Exceptions.php(277): include('...')
#8 /media/mikea/86022EF5022EE9BF/web/repos/CodeIgnitor/system/Debug/Exceptions.php(280): CodeIgniter\Debug\Exceptions->CodeIgniter\Debug\{closure}()
#9 /media/mikea/86022EF5022EE9BF/web/repos/CodeIgnitor/system/Debug/Exceptions.php(151): CodeIgniter\Debug\Exceptions->render()
#10 [internal function]: CodeIgniter\Debug\Exceptions->exceptionHandler()
#11 {main}
  thrown
【Previous Exception】
CodeIgniter\Exceptions\FrameworkException
The framework needs the following extension(s) installed and loaded: intl, mbstring.
#0 /media/mikea/86022EF5022EE9BF/web/repos/CodeIgnitor/system/CodeIgniter.php(226): CodeIgniter\Exceptions\FrameworkException::forMissingExtension()
#1 /media/mikea/86022EF5022EE9BF/web/repos/CodeIgnitor/system/CodeIgniter.php(190): CodeIgniter\CodeIgniter->resolvePlatformExtensions()
#2 /media/mikea/86022EF5022EE9BF/web/repos/CodeIgnitor/spark(83): CodeIgniter\CodeIgniter->initialize()
#3 {main}
in SYSTEMPATH/CLI/CLI.php on line 872.
 1 [internal function]: CodeIgniter\Debug\Exceptions->shutdownHandler()
